<?xml version="1.0" encoding="UTF-8"?>
<!-- Generated by org.testng.reporters.JUnitXMLReporter -->
<testsuite hostname="Dell5580" ignored="1" name="Default test" tests="2" failures="0" timestamp="2020-07-17T03:37:40 CAT" time="140.869" errors="0">
  <testcase name="User_Registration" time="65.005" classname="Scripts.SC001_testUserRegistration"/>
  <testcase name="User_Authentication" time="59.348" classname="Scripts.SC002_testUserAuthentication"/>
  <testcase name="@BeforeTest report" time="0.0" classname="config.StartBrowser">
    <ignored/>
  </testcase> <!-- @BeforeTest report -->
</testsuite> <!-- Default test -->
