<?xml version="1.0" encoding="UTF-8"?>
<!-- Generated by org.testng.reporters.JUnitXMLReporter -->
<testsuite hostname="Dell5580" ignored="3" name="Test" tests="4" failures="0" timestamp="2020-07-29T10:26:43 CAT" time="256.759" errors="0">
  <testcase name="User_Authentication" time="38.811" classname="Scripts.SC001_testUserAuthentication"/>
  <testcase name="Savings_Account_Deposits" time="72.986" classname="Scripts.SC002_testSavingsAccountDeposit"/>
  <testcase name="Check_Account_Withdrawal" time="88.81" classname="Scripts.SC003_testCheckAccountWithdrawal"/>
  <testcase name="User_Registration" time="24.151" classname="Scripts.SC004_testUserRegistration"/>
  <testcase name="@BeforeTest report" time="0.0" classname="config.StartBrowser">
    <ignored/>
  </testcase> <!-- @BeforeTest report -->
  <testcase name="@BeforeTest report" time="0.0" classname="config.StartBrowser">
    <ignored/>
  </testcase> <!-- @BeforeTest report -->
  <testcase name="@BeforeTest report" time="0.0" classname="config.StartBrowser">
    <ignored/>
  </testcase> <!-- @BeforeTest report -->
</testsuite> <!-- Test -->
