<?xml version="1.0" encoding="UTF-8"?>
<!-- Generated by org.testng.reporters.JUnitXMLReporter -->
<testsuite hostname="Dell5580" ignored="6" name="Test" tests="4" failures="0" timestamp="2020-07-17T02:17:04 CAT" time="291.513" errors="0">
  <testcase name="User_Registration" time="60.628" classname="Scripts.SC001_testUserRegistration"/>
  <testcase name="User_Authentication" time="58.118" classname="Scripts.SC002_testUserAuthentication"/>
  <testcase name="User_Check_Account_Withdrawal" time="75.703" classname="Scripts.SC003_testCheckAccountWithdrawal"/>
  <testcase name="User_Savings_Account_Deposit" time="69.761" classname="Scripts.SC004_testSavingsAccountDeposit"/>
  <testcase name="@AfterTest afterTest" time="0.0" classname="config.StartBrowser">
    <ignored/>
  </testcase> <!-- @AfterTest afterTest -->
  <testcase name="@AfterTest afterTest" time="0.0" classname="config.StartBrowser">
    <ignored/>
  </testcase> <!-- @AfterTest afterTest -->
  <testcase name="@AfterTest afterTest" time="0.0" classname="config.StartBrowser">
    <ignored/>
  </testcase> <!-- @AfterTest afterTest -->
  <testcase name="@BeforeTest report" time="0.0" classname="config.StartBrowser">
    <ignored/>
  </testcase> <!-- @BeforeTest report -->
  <testcase name="@BeforeTest report" time="0.0" classname="config.StartBrowser">
    <ignored/>
  </testcase> <!-- @BeforeTest report -->
  <testcase name="@BeforeTest report" time="0.0" classname="config.StartBrowser">
    <ignored/>
  </testcase> <!-- @BeforeTest report -->
</testsuite> <!-- Test -->
