<?xml version="1.0" encoding="UTF-8"?>
<!-- Generated by org.testng.reporters.JUnitXMLReporter -->
<testsuite hostname="Dell5580" ignored="3" name="Test" tests="4" failures="0" timestamp="2020-07-28T06:23:15 CAT" time="290.352" errors="0">
  <testcase name="Test_User_Authentication" time="55.24" classname="Scripts.SC001_testUserAuthentication"/>
  <testcase name="Test_Check_Account_Withdrawal" time="63.264" classname="Scripts.SC002_testCheckAccountWithdrawal"/>
  <testcase name="Test_Savings_Account_Deposits" time="69.249" classname="Scripts.SC003_testSavingsAccountDeposit"/>
  <testcase name="Test_User_Registration" time="66.726" classname="Scripts.SC004_testUserRegistration"/>
  <testcase name="@BeforeTest report" time="0.0" classname="config.StartBrowser">
    <ignored/>
  </testcase> <!-- @BeforeTest report -->
  <testcase name="@BeforeTest report" time="0.0" classname="config.StartBrowser">
    <ignored/>
  </testcase> <!-- @BeforeTest report -->
  <testcase name="@BeforeTest report" time="0.0" classname="config.StartBrowser">
    <ignored/>
  </testcase> <!-- @BeforeTest report -->
</testsuite> <!-- Test -->
