<?xml version="1.0" encoding="UTF-8"?>
<testng-results skipped="0" failed="0" ignored="0" total="1" passed="1">
  <reporter-output>
  </reporter-output>
  <suite name="Default suite" duration-ms="76866" started-at="2020-07-28T06:05:53 CAT" finished-at="2020-07-28T06:07:10 CAT">
    <groups>
    </groups>
    <test name="Default test" duration-ms="76866" started-at="2020-07-28T06:05:53 CAT" finished-at="2020-07-28T06:07:10 CAT">
      <class name="Scripts.SC003_testSavingsAccountDeposit">
        <test-method status="PASS" signature="report()[pri:0, instance:Scripts.SC003_testSavingsAccountDeposit@305fd85d]" name="report" is-config="true" duration-ms="253" started-at="2020-07-28T06:05:53 CAT" finished-at="2020-07-28T06:05:53 CAT">
          <reporter-output>
          </reporter-output>
        </test-method> <!-- report -->
        <test-method status="PASS" signature="beforeClass()[pri:0, instance:Scripts.SC003_testSavingsAccountDeposit@305fd85d]" name="beforeClass" is-config="true" duration-ms="8433" started-at="2020-07-28T06:05:53 CAT" finished-at="2020-07-28T06:06:02 CAT">
          <reporter-output>
          </reporter-output>
        </test-method> <!-- beforeClass -->
        <test-method status="PASS" signature="method(java.lang.reflect.Method)[pri:0, instance:Scripts.SC003_testSavingsAccountDeposit@305fd85d]" name="method" is-config="true" duration-ms="7" started-at="2020-07-28T06:06:02 CAT" finished-at="2020-07-28T06:06:02 CAT">
          <params>
            <param index="0">
              <value>
                <![CDATA[public void Scripts.SC003_testSavingsAccountDeposit.Test_Savings_Account_Deposits() throws java.io.IOException,java.lang.InterruptedException]]>
              </value>
            </param>
          </params>
          <reporter-output>
          </reporter-output>
        </test-method> <!-- method -->
        <test-method status="PASS" signature="Test_Savings_Account_Deposits()[pri:0, instance:Scripts.SC003_testSavingsAccountDeposit@305fd85d]" name="Test_Savings_Account_Deposits" duration-ms="66469" started-at="2020-07-28T06:06:02 CAT" finished-at="2020-07-28T06:07:08 CAT">
          <reporter-output>
          </reporter-output>
        </test-method> <!-- Test_Savings_Account_Deposits -->
        <test-method status="PASS" signature="afterTest()[pri:0, instance:Scripts.SC003_testSavingsAccountDeposit@305fd85d]" name="afterTest" is-config="true" duration-ms="792" started-at="2020-07-28T06:07:08 CAT" finished-at="2020-07-28T06:07:09 CAT">
          <reporter-output>
          </reporter-output>
        </test-method> <!-- afterTest -->
        <test-method status="PASS" signature="afterClass()[pri:0, instance:Scripts.SC003_testSavingsAccountDeposit@305fd85d]" name="afterClass" is-config="true" duration-ms="810" started-at="2020-07-28T06:07:09 CAT" finished-at="2020-07-28T06:07:10 CAT">
          <reporter-output>
          </reporter-output>
        </test-method> <!-- afterClass -->
      </class> <!-- Scripts.SC003_testSavingsAccountDeposit -->
    </test> <!-- Default test -->
  </suite> <!-- Default suite -->
</testng-results>
